                               File: RAMBOOT_Ve Errors    0
  Location Pl  Code            Line 	Source Statement
  00000000 00                     1 		.file "RAMBOOT_VectorTable.s"
  00000000 00                     2 	
  00000000 00                     3 		.include "RAMBOOT_VectorTable.inc"
  00000000 00                     1I	#/******************************************************************************************
  00000000 00                       	*****************************
  00000000 00                     2I	#*
  00000000 00                     3I	#*                                                Safran Electronics & Defense
  00000000 00                     4I	#*                                                     SAFRAN Group
  00000000 00                     5I	#*
  00000000 00                     6I	#* _BEGIN_FILE_HEADER ----------------------------------------------------------------------
  00000000 00                       	----------------------------
  00000000 00                     7I	#*
  00000000 00                     8I	#* File name  : RLB_RBI_VectorTable.P2020.inc
  00000000 00                     9I	#* CSC name   :
  00000000 00                    10I	#* 
  00000000 00                    11I	#* Description: Vector Table CSU header file.
  00000000 00                    12I	#*
  00000000 00                    13I	#* Configuration management identification:
  00000000 00                    14I	#*    %full_name:  sknNEXT#1/ascii/RAMBOOT_VectorTable.inc/1 %
  00000000 00                    15I	#*    Creation  :
  00000000 00                    16I	#*
  00000000 00                    17I	#* _END_FILE_HEADER ------------------------------------------------------------------------
  00000000 00                       	----------------------------
  00000000 00                    18I	#*
  00000000 00                    19I	#* LANGUAGE: ASM - Header file
  00000000 00                    20I	#*
  00000000 00                    21I	#* -----------------------------------------------------------------------------------------
  00000000 00                       	----------------------------
  00000000 00                    22I	#* Copyright (c) 2017, SAFRAN E&D
  00000000 00                    23I	#* SAFRAN Electronics & Defense document. Reproduction and disclosure forbidden.
  00000000 00                    24I	#*******************************************************************************************
  00000000 00                       	***************************/
  00000000 00                    25I	
  00000000 00                    26I	#/* _BEGIN_STATIC_PROTO ==================================== FUNCTION PROTOTYPES ===========
  00000000 00                       	========================== */
  00000000 00                    27I	#/* _END_STATIC_PROTO ======================================================================
  00000000 00                       	========================== */
  00000000 00                    28I	
  00000000 00                    29I	#/* _BEGIN_CONSTANT ============================================ CONSTANTS =================
  00000000 00                       	========================== */
  00000000 00                    30I	
  00000000 00                    31I		#/* HID0 init value, enable timer base */
  00000000 00                    32I		.set     C_HID0_INIT_VALUE     ,0x00004000
  00000000 00                    33I	
  00000000 00                    34I		#/* RAMBOOT MSR first configuration. Set SPE, ME and DE bits */
  00000000 00                    35I		.set     C_MSR_RAMBOOT_CONFIG      ,0x02001200
  00000000 00                    36I	
  00000000 00                    37I	#/* _END_CONSTANT ==========================================================================
  00000000 00                       	========================== */
  00000000 00                     4 	
  00000000 00                     5 	; Define Small Const Area (SDA2) begin address
  00000000 00                     6 		.extern _SDA2_BASE_
  00000000 00                     7 	
  00000000 00                     8 	; Define Small Data Area (SDA) begin for SDATA & SBSS address
  00000000 00                     9 		.extern _SDA_BASE_
  00000000 00                    10 	
  00000000 00                    11 	; Define stack pointer address
                               File: RAMBOOT_Ve Errors    0
  Location Pl  Code            Line 	Source Statement
  00000000 00                    12 		.extern __SP_INIT
  00000000 00                    13 	
  00000000 00                    14 		.global IVOR_Handler
  00000000 00                    15 		.global VECT_Reset
  00000000 00                    16 	
  00000000 00                    17 	; PowerPC Vector table definition
  00000000 00                    18 		.section ".VectorTable", 4, rx
  00000000 07                    19 	IVOR_Handler:
  00000000 07  4800 0000         20 		b RAMBOOT_FailMode
  00000004 07  4c00 0064         21 		rfi
  00000008 07                    22 	
  00000008 07                    23 		.section ".Reset", 4, rx
  00000000 0b                    24 	VECT_Reset:
  00000000 0b                    25 	
  00000000 0b                    26 		;Configure basic hardware for the tests
  00000000 0b  4800 0001         27 		bl RAMBOOT_TestAndConfigureBasicHW
  00000004 0b  4800 0001         28 		bl RAMBOOT_ConfigureELBC
  00000008 0b                    29 	
  00000008 0b                    30 		;Check and Load BOOT soft
  00000008 0b  4800 0001         31 		bl RAMBOOT_PostTCBHW_Main
  0000000c 0b  4c00 0064         32 		rfi
