                               File: ELBCBOOT_M Errors    0
  Location Pl  Code            Line 	Source Statement
  00000000 00                     1 		.file "ELBCBOOT_Main.s"
  00000000 00                     2 	
  00000000 00                     3 		.text
  00000000 00                     4 	
  00000000 00                     5 		.global ELBCBOOT_Main
  00000000 00                     6 	
  00000000 00                     7 	ELBCBOOT_Main:
  00000000 00                     8 		; Configure and open TLB
  00000000 00  4800 0001          9 		bl REG_Init
  00000004 00                    10 	
  00000004 00                    11 		; Configure basic hardware
  00000004 00  4800 0001         12 		bl ELBCBOOT_CBHW_ConfigureBasicHW
  00000008 00  4800 0001         13 		bl ELBCBOOT_CBHW_ConfigureDDR
  0000000c 00  4800 0001         14 		bl ELBCBOOT_CBHW_ConfigureL2Cache
  00000010 00  4800 0001         15 		bl ELBCBOOT_CBHW_ConfigureLAW
  00000014 00                    16 	
  00000014 00                    17 		; Jump to RAMBOOT software address
  00000014 00  4800 0000         18 		b ELBCBOOT_CopyAndBootRamBoot
  00000018 00                    19 		
